{
  "RSpec": {
    "coverage": {
      "/Users/ajmarkow/Documents/snippet_cli/spec/snippet_cli_spec.rb": {
        "lines": [
          null,
          null,
          1,
          null,
          1,
          1,
          1,
          1,
          null,
          null,
          1,
          1,
          1,
          null,
          1,
          null,
          null
        ]
      },
      "/Users/ajmarkow/Documents/snippet_cli/spec/snippet_spec.rb": {
        "lines": [
          null,
          null,
          1,
          1,
          null,
          1,
          1,
          1,
          null,
          null,
          1,
          1,
          1,
          null,
          null,
          1,
          1,
          9,
          9,
          9,
          0,
          null,
          null,
          null,
          9,
          9,
          0,
          null,
          null,
          null,
          9,
          9,
          9,
          9,
          9,
          9,
          9,
          9,
          null,
          null,
          9,
          9,
          null,
          null,
          null,
          2,
          2,
          2,
          2,
          2,
          2,
          2,
          2,
          2,
          null,
          1,
          1,
          1,
          1,
          1,
          1,
          1,
          null,
          null
        ]
      },
      "/Users/ajmarkow/Documents/snippet_cli/lib/snippet_cli/snippet.rb": {
        "lines": [
          1,
          null,
          1,
          null,
          null,
          1,
          1,
          1,
          null,
          null,
          1,
          1,
          1,
          null,
          null,
          1,
          1,
          1,
          null,
          null,
          1,
          1,
          1,
          1,
          1,
          1,
          1,
          1,
          null,
          null,
          1,
          1,
          0,
          null,
          null,
          null,
          1,
          1,
          null,
          null,
          1,
          1,
          0,
          null,
          null,
          null
        ]
      }
    },
    "timestamp": 1696437688
  }
}
