<?xml version='1.0'?> 
<!DOCTYPE coverage SYSTEM "http://cobertura.sourceforge.net/xml/coverage-04.dtd">
<!-- Generated by simplecov-cobertura version 2.1.0 (https://github.com/dashingrocket/simplecov-cobertura) -->
<coverage line-rate="0.95" lines-covered="75" lines-valid="79" complexity="0" version="0" timestamp="1696355934">
  <sources>
    <source>/Users/ajmarkow/Documents/snippet_cli</source>
  </sources>
  <packages>
    <package name="snippet_cli" line-rate="0.95" complexity="0">
      <classes>
        <class name="snippet" filename="lib/snippet_cli/snippet.rb" line-rate="0.93" complexity="0">
          <methods/>
          <lines>
            <line number="1" hits="1"/>
            <line number="3" hits="1"/>
            <line number="6" hits="1"/>
            <line number="7" hits="1"/>
            <line number="8" hits="1"/>
            <line number="11" hits="1"/>
            <line number="12" hits="1"/>
            <line number="13" hits="1"/>
            <line number="16" hits="1"/>
            <line number="17" hits="1"/>
            <line number="18" hits="1"/>
            <line number="21" hits="1"/>
            <line number="22" hits="1"/>
            <line number="23" hits="1"/>
            <line number="24" hits="1"/>
            <line number="25" hits="1"/>
            <line number="26" hits="1"/>
            <line number="27" hits="1"/>
            <line number="28" hits="1"/>
            <line number="31" hits="1"/>
            <line number="32" hits="1"/>
            <line number="33" hits="0"/>
            <line number="37" hits="1"/>
            <line number="38" hits="1"/>
            <line number="41" hits="1"/>
            <line number="42" hits="1"/>
            <line number="43" hits="0"/>
          </lines>
        </class>
        <class name="snippet_cli_spec" filename="spec/snippet_cli_spec.rb" line-rate="1.0" complexity="0">
          <methods/>
          <lines>
            <line number="3" hits="1"/>
            <line number="5" hits="1"/>
            <line number="6" hits="1"/>
            <line number="7" hits="1"/>
            <line number="8" hits="1"/>
            <line number="11" hits="1"/>
            <line number="12" hits="1"/>
            <line number="13" hits="1"/>
            <line number="15" hits="1"/>
          </lines>
        </class>
        <class name="snippet_spec" filename="spec/snippet_spec.rb" line-rate="0.95" complexity="0">
          <methods/>
          <lines>
            <line number="3" hits="1"/>
            <line number="4" hits="1"/>
            <line number="6" hits="1"/>
            <line number="7" hits="1"/>
            <line number="8" hits="1"/>
            <line number="11" hits="1"/>
            <line number="12" hits="1"/>
            <line number="13" hits="1"/>
            <line number="16" hits="1"/>
            <line number="17" hits="1"/>
            <line number="18" hits="9"/>
            <line number="19" hits="9"/>
            <line number="20" hits="9"/>
            <line number="21" hits="0"/>
            <line number="25" hits="9"/>
            <line number="26" hits="9"/>
            <line number="27" hits="0"/>
            <line number="31" hits="9"/>
            <line number="32" hits="9"/>
            <line number="33" hits="9"/>
            <line number="34" hits="9"/>
            <line number="35" hits="9"/>
            <line number="36" hits="9"/>
            <line number="37" hits="9"/>
            <line number="38" hits="9"/>
            <line number="41" hits="9"/>
            <line number="42" hits="9"/>
            <line number="46" hits="2"/>
            <line number="47" hits="2"/>
            <line number="48" hits="2"/>
            <line number="49" hits="2"/>
            <line number="50" hits="2"/>
            <line number="51" hits="2"/>
            <line number="52" hits="2"/>
            <line number="53" hits="2"/>
            <line number="54" hits="2"/>
            <line number="56" hits="1"/>
            <line number="57" hits="1"/>
            <line number="58" hits="1"/>
            <line number="59" hits="1"/>
            <line number="60" hits="1"/>
            <line number="61" hits="1"/>
            <line number="62" hits="1"/>
          </lines>
        </class>
      </classes>
    </package>
  </packages>
</coverage>